#
# A fatal error has been detected by the Java Runtime Environment:
#
#  Internal Error (os_windows_x86.cpp:114), pid=19684, tid=19376
#  Error: guarantee(result == -1,"Unexpected result from topLevelExceptionFilter")
#
# JRE version: 6.0_17-b04
# Java VM: Java HotSpot(TM) 64-Bit Server VM (14.3-b01 mixed mode windows-amd64 )
# If you would like to submit a bug report, please visit:
#   http://java.sun.com/webapps/bugreport/crash.jsp
# The crash happened outside the Java Virtual Machine in native code.
# See problematic frame for where to report the bug.
#

---------------  T H R E A D  ---------------

Current thread (0x00000000074ed800):  JavaThread "main" [_thread_in_native, id=19376, stack(0x0000000000250000,0x0000000004250000)]

Stack: [0x0000000000250000,0x0000000004250000]
[error occurred during error reporting (printing stack bounds), id 0xc0000005]

Java frames: (J=compiled Java code, j=interpreted, Vv=VM code)
j  com.mathworks.jmi.NativeMatlab.ProcessPendingEvents()Z+0
j  com.mathworks.jmi.NativeMatlab.processPendingEvents()Z+8
j  com.mathworks.jmi.Matlab$ProcessPendingEvents.callBooleanMethod(Ljava/lang/Object;)Z+0
j  com.mathworks.util.FactoryUtils.processPendingEvents()Z+12
j  com.mathworks.mde.desk.MLDesktop.canClose()Z+84
j  com.mathworks.mde.desk.MLDesktop$2.call()Ljava/lang/Boolean;+4
j  com.mathworks.mde.desk.MLDesktop$2.call()Ljava/lang/Object;+1
j  com.mathworks.jmi.Matlab.isOkToExit()Z+54
v  ~StubRoutines::call_stub
j  com.mathworks.jmi.NativeMatlab.SendMatlabMessage(Ljava/lang/Object;)Ljava/lang/Object;+0
j  com.mathworks.jmi.NativeMatlab.sendMatlabMessage(Ljava/lang/Object;)Ljava/lang/Object;+22
j  com.mathworks.jmi.MatlabLooper.sendMatlabMessage(Lcom/mathworks/services/message/MWMessage;)Ljava/lang/Object;+20
j  com.mathworks.jmi.Matlab.mtFevalConsoleOutput(Ljava/lang/String;[Ljava/lang/Object;I)Ljava/lang/Object;+58
j  com.mathworks.mde.desk.MLDesktop$9.run()V+14
j  com.mathworks.jmi.NativeMatlab.dispatchMTRequests(Z)V+57
v  ~StubRoutines::call_stub

---------------  P R O C E S S  ---------------

Java Threads: ( => current thread )
  0x000000007b29f800 JavaThread "Image Fetcher 0" daemon [_thread_blocked, id=18676, stack(0x00000000157d0000,0x0000000015850000)]
  0x000000007b29d800 JavaThread "Active Reference Queue Daemon" daemon [_thread_blocked, id=15244, stack(0x0000000011660000,0x00000000116e0000)]
  0x000000007b29f000 JavaThread "Timer-61" daemon [_thread_blocked, id=19488, stack(0x00000000115e0000,0x0000000011660000)]
  0x000000007b29b000 JavaThread "Prefs Updater" daemon [_thread_blocked, id=19200, stack(0x0000000011560000,0x00000000115e0000)]
  0x0000000065f19800 JavaThread "Timer-10" daemon [_thread_blocked, id=12256, stack(0x00000000743b0000,0x0000000074430000)]
  0x0000000065f18000 JavaThread "Explorer NavigationContext request queue" [_thread_blocked, id=3648, stack(0x00000000742b0000,0x0000000074330000)]
  0x0000000065f15000 JavaThread "AddressBar directory emptiness poller" [_thread_blocked, id=18608, stack(0x00000000741b0000,0x0000000074230000)]
  0x0000000065f13800 JavaThread "Timer-1" [_thread_blocked, id=20344, stack(0x00000000740b0000,0x0000000074130000)]
  0x0000000065f16800 JavaThread "TimerQueue" daemon [_thread_blocked, id=17588, stack(0x000000005a4c0000,0x000000005a540000)]
  0x0000000065f12800 JavaThread "AWT-EventQueue-0" [_thread_blocked, id=17920, stack(0x000000005a440000,0x000000005a4c0000)]
  0x0000000065f12000 JavaThread "AWT-Shutdown" [_thread_blocked, id=19312, stack(0x0000000007c00000,0x0000000007c80000)]
  0x0000000065f14000 JavaThread "FelixPackageAdmin" daemon [_thread_blocked, id=18784, stack(0x000000005a640000,0x000000005a6c0000)]
  0x0000000065ce9800 JavaThread "FelixStartLevel" daemon [_thread_blocked, id=16372, stack(0x000000005a5c0000,0x000000005a640000)]
  0x0000000065e63000 JavaThread "FelixDispatchQueue" daemon [_thread_blocked, id=15576, stack(0x000000005a540000,0x000000005a5c0000)]
  0x0000000065e2c000 JavaThread "com.google.common.base.internal.Finalizer" daemon [_thread_blocked, id=19356, stack(0x000000005a340000,0x000000005a3c0000)]
  0x0000000065b40000 JavaThread "AWT-Windows" daemon [_thread_in_native, id=13576, stack(0x0000000007c80000,0x0000000007d00000)]
  0x000000005a202000 JavaThread "Java2D Disposer" daemon [_thread_blocked, id=8072, stack(0x0000000007b80000,0x0000000007c00000)]
  0x000000005a28f000 JavaThread "Timer-0" [_thread_blocked, id=20188, stack(0x00000000079e0000,0x0000000007a60000)]
  0x00000000597d2000 JavaThread "EventMgr Dispatcher" daemon [_thread_in_native, id=15708, stack(0x000000000bdf0000,0x000000000fdf0000)]
  0x000000005157f000 JavaThread "Low Memory Detector" daemon [_thread_blocked, id=16432, stack(0x00000000596c0000,0x0000000059740000)]
  0x00000000075dd000 JavaThread "CompilerThread1" daemon [_thread_blocked, id=18304, stack(0x000000005d870000,0x0000000061870000)]
  0x0000000051579800 JavaThread "CompilerThread0" daemon [_thread_blocked, id=11588, stack(0x00000000556c0000,0x00000000596c0000)]
  0x0000000051578800 JavaThread "Attach Listener" daemon [_thread_blocked, id=20312, stack(0x000000000ff30000,0x000000000ffb0000)]
  0x00000000075ce000 JavaThread "Finalizer" daemon [_thread_blocked, id=596, stack(0x000000000feb0000,0x000000000ff30000)]
  0x00000000075c7000 JavaThread "Reference Handler" daemon [_thread_blocked, id=5956, stack(0x000000000fe30000,0x000000000feb0000)]
=>0x00000000074ed800 JavaThread "main" [_thread_in_native, id=19376, stack(0x0000000000250000,0x0000000004250000)]

Other Threads:
  0x00000000075c6800 VMThread [stack: 0x00000000516c0000,0x00000000556c0000] [id=17944]
  0x00000000515af800 WatcherThread [stack: 0x0000000061870000,0x0000000065870000] [id=20464]

VM state:not at safepoint (normal execution)

VM Mutex/Monitor currently owned by a thread: None

Heap
 PSYoungGen      total 15680K, used 1128K [0x000000003e3c0000, 0x000000003f3c0000, 0x00000000414c0000)
  eden space 15232K, 4% used [0x000000003e3c0000,0x000000003e470428,0x000000003f2a0000)
  from space 448K, 94% used [0x000000003f350000,0x000000003f3b9c58,0x000000003f3c0000)
  to   space 576K, 0% used [0x000000003f2a0000,0x000000003f2a0000,0x000000003f330000)
 PSOldGen        total 70656K, used 53837K [0x00000000350c0000, 0x00000000395c0000, 0x000000003e3c0000)
  object space 70656K, 76% used [0x00000000350c0000,0x00000000385534e8,0x00000000395c0000)
 PSPermGen       total 99904K, used 63863K [0x000000002d0c0000, 0x0000000033250000, 0x00000000350c0000)
  object space 99904K, 63% used [0x000000002d0c0000,0x0000000030f1de48,0x0000000033250000)

Dynamic libraries:
0x00007ff7c5c20000 - 0x00007ff7c5c52000 	C:\Program Files\MATLAB\R2012a\bin\win64\MATLAB.exe
0x00007ff8ca870000 - 0x00007ff8caa1c000 	C:\WINDOWS\SYSTEM32\ntdll.dll
0x00007ff8ca720000 - 0x00007ff8ca85e000 	C:\WINDOWS\system32\KERNEL32.DLL
0x00007ff8c7bf0000 - 0x00007ff8c7d05000 	C:\WINDOWS\system32\KERNELBASE.dll
0x0000000074460000 - 0x0000000074554000 	C:\Program Files\MATLAB\R2012a\bin\win64\libut.dll
0x0000000073f70000 - 0x00000000740ad000 	C:\Program Files\MATLAB\R2012a\bin\win64\libmwfl.dll
0x000000007bed0000 - 0x000000007c183000 	C:\Program Files\MATLAB\R2012a\bin\win64\libmwservices.dll
0x0000000074970000 - 0x0000000074b06000 	C:\Program Files\MATLAB\R2012a\bin\win64\mcr.dll
0x00000000758a0000 - 0x0000000075952000 	C:\Program Files\MATLAB\R2012a\bin\win64\libmwi18n.dll
0x000000005d6e0000 - 0x000000005d7b3000 	C:\WINDOWS\WinSxS\amd64_microsoft.vc90.crt_1fc8b3b9a1e18e3b_9.0.30729.8387_none_08e793bfa83a89b5\MSVCP90.dll
0x000000005d7c0000 - 0x000000005d863000 	C:\WINDOWS\WinSxS\amd64_microsoft.vc90.crt_1fc8b3b9a1e18e3b_9.0.30729.8387_none_08e793bfa83a89b5\MSVCR90.dll
0x000000007a560000 - 0x000000007a569000 	C:\Program Files\MATLAB\R2012a\bin\win64\boost_system-vc90-mt-1_44.dll
0x000000007a2d0000 - 0x000000007a2e2000 	C:\Program Files\MATLAB\R2012a\bin\win64\boost_thread-vc90-mt-1_44.dll
0x000000005d560000 - 0x000000005d6d1000 	C:\Program Files\MATLAB\R2012a\bin\win64\icuuc44.dll
0x000000005d540000 - 0x000000005d553000 	C:\Program Files\MATLAB\R2012a\bin\win64\icuio44.dll
0x0000000180000000 - 0x0000000180046000 	C:\Program Files\MATLAB\R2012a\bin\win64\tbb.dll
0x00007ff8ca050000 - 0x00007ff8ca057000 	C:\WINDOWS\system32\PSAPI.DLL
0x00007ff8b36b0000 - 0x00007ff8b3839000 	C:\WINDOWS\SYSTEM32\dbghelp.dll
0x00007ff8c9bd0000 - 0x00007ff8c9c7a000 	C:\WINDOWS\system32\ADVAPI32.dll
0x00007ff8ca140000 - 0x00007ff8ca2b7000 	C:\WINDOWS\system32\USER32.dll
0x0000000004330000 - 0x000000000433b000 	C:\Program Files\MATLAB\R2012a\bin\win64\libmwresource_core.dll
0x00000000044b0000 - 0x00000000047a6000 	C:\Program Files\MATLAB\R2012a\bin\win64\libmwMATLAB_res.dll
0x000000007a3b0000 - 0x000000007a3c0000 	C:\Program Files\MATLAB\R2012a\bin\win64\boost_date_time-vc90-mt-1_44.dll
0x000000007a170000 - 0x000000007a19c000 	C:\Program Files\MATLAB\R2012a\bin\win64\boost_filesystem-vc90-mt-1_44.dll
0x000000007a250000 - 0x000000007a263000 	C:\Program Files\MATLAB\R2012a\bin\win64\boost_signals-vc90-mt-1_44.dll
0x00007ff8ca120000 - 0x00007ff8ca136000 	C:\WINDOWS\system32\imagehlp.dll
0x0000000075a20000 - 0x0000000075ae2000 	C:\Program Files\MATLAB\R2012a\bin\win64\libmx.dll
0x0000000004350000 - 0x0000000004371000 	C:\Program Files\MATLAB\R2012a\bin\win64\libmwmfl_scalar.dll
0x0000000075f10000 - 0x0000000075f5d000 	C:\Program Files\MATLAB\R2012a\bin\win64\mpath.dll
0x000000007b680000 - 0x000000007bbe1000 	C:\Program Files\MATLAB\R2012a\bin\win64\mlutil.dll
0x0000000004380000 - 0x000000000439a000 	C:\Program Files\MATLAB\R2012a\bin\win64\libmwMATLAB_settings_res.dll
0x00000000047b0000 - 0x00000000047f7000 	C:\Program Files\MATLAB\R2012a\bin\win64\boost_serialization-vc90-mt-1_44.dll
0x00007ff8bb3a0000 - 0x00007ff8bb444000 	C:\WINDOWS\WinSxS\amd64_microsoft.windows.common-controls_6595b64144ccf1df_5.82.9600.17415_none_34aa3313958e7a52\COMCTL32.dll
0x00007ff8ca060000 - 0x00007ff8ca116000 	C:\WINDOWS\system32\COMDLG32.dll
0x00007ff8c60c0000 - 0x00007ff8c60d6000 	C:\WINDOWS\SYSTEM32\NETAPI32.dll
0x00007ff8c9f90000 - 0x00007ff8c9fea000 	C:\WINDOWS\system32\WS2_32.dll
0x00007ff8c8250000 - 0x00007ff8c9768000 	C:\WINDOWS\system32\SHELL32.dll
0x00007ff8c7ef0000 - 0x00007ff8c8084000 	C:\WINDOWS\system32\ole32.dll
0x00007ff8ca4f0000 - 0x00007ff8ca5b1000 	C:\WINDOWS\system32\OLEAUT32.dll
0x0000000075000000 - 0x000000007536b000 	C:\Program Files\MATLAB\R2012a\bin\win64\iqm.dll
0x0000000079fb0000 - 0x0000000079fe7000 	C:\Program Files\MATLAB\R2012a\bin\win64\libmwbridge.dll
0x000000005d420000 - 0x000000005d445000 	C:\Program Files\MATLAB\R2012a\bin\win64\libmex.dll
0x000000005d360000 - 0x000000005d413000 	C:\Program Files\MATLAB\R2012a\bin\win64\m_dispatcher.dll
0x000000005d0e0000 - 0x000000005d359000 	C:\Program Files\MATLAB\R2012a\bin\win64\mcos.dll
0x000000005cf80000 - 0x000000005d0d2000 	C:\Program Files\MATLAB\R2012a\bin\win64\libmwgui.dll
0x000000005c5d0000 - 0x000000005cf73000 	C:\Program Files\MATLAB\R2012a\bin\win64\hg.dll
0x000000005c4d0000 - 0x000000005c5cd000 	C:\Program Files\MATLAB\R2012a\bin\win64\hgutils.dll
0x000000005bca0000 - 0x000000005c4c1000 	C:\Program Files\MATLAB\R2012a\bin\win64\m_interpreter.dll
0x0000000075710000 - 0x00000000757c1000 	C:\Program Files\MATLAB\R2012a\bin\win64\jmi.dll
0x000000005bbe0000 - 0x000000005bc9d000 	C:\Program Files\MATLAB\R2012a\bin\win64\udd_mi.dll
0x0000000004800000 - 0x0000000004aca000 	C:\Program Files\MATLAB\R2012a\bin\win64\uiw.dll
0x000000005bbc0000 - 0x000000005bbe0000 	C:\Program Files\MATLAB\R2012a\bin\win64\mwoles05.DLL
0x000000005bb40000 - 0x000000005bbbc000 	C:\Program Files\MATLAB\R2012a\bin\win64\comcli.dll
0x000000005bb30000 - 0x000000005bb3c000 	C:\Program Files\MATLAB\R2012a\bin\win64\mlautoregister.dll
0x0000000004ad0000 - 0x0000000004ae0000 	C:\Program Files\MATLAB\R2012a\bin\win64\boost_iostreams-vc90-mt-1_44.dll
0x00007ff8ca2c0000 - 0x00007ff8ca411000 	C:\WINDOWS\system32\GDI32.dll
0x000000007a010000 - 0x000000007a035000 	C:\Program Files\MATLAB\R2012a\bin\win64\LIBEXPAT.dll
0x000000005b930000 - 0x000000005bb21000 	C:\Program Files\MATLAB\R2012a\bin\win64\icuin44.dll
0x0000000010000000 - 0x0000000010e41000 	C:\Program Files\MATLAB\R2012a\bin\win64\icudt44.dll
0x00007ff8c9c80000 - 0x00007ff8c9d2a000 	C:\WINDOWS\system32\msvcrt.dll
0x00007ff8c9ff0000 - 0x00007ff8ca049000 	C:\WINDOWS\SYSTEM32\sechost.dll
0x00007ff8c8090000 - 0x00007ff8c81d1000 	C:\WINDOWS\system32\RPCRT4.dll
0x000000007a210000 - 0x000000007a228000 	C:\Program Files\MATLAB\R2012a\bin\win64\zlib1.dll
0x000000005b8b0000 - 0x000000005b92f000 	C:\Program Files\MATLAB\R2012a\bin\win64\xmlcore.dll
0x000000007bc30000 - 0x000000007be83000 	C:\Program Files\MATLAB\R2012a\bin\win64\xerces-c_2_7.dll
0x00007ff8c81f0000 - 0x00007ff8c8244000 	C:\WINDOWS\system32\SHLWAPI.dll
0x00007ff8c6c00000 - 0x00007ff8c6c0c000 	C:\WINDOWS\SYSTEM32\netutils.dll
0x00007ff8c7600000 - 0x00007ff8c7626000 	C:\WINDOWS\SYSTEM32\srvcli.dll
0x00007ff8c6080000 - 0x00007ff8c6097000 	C:\WINDOWS\SYSTEM32\wkscli.dll
0x00007ff8ca860000 - 0x00007ff8ca869000 	C:\WINDOWS\system32\NSI.dll
0x00007ff8c9d30000 - 0x00007ff8c9f41000 	C:\WINDOWS\SYSTEM32\combase.dll
0x000000005b7e0000 - 0x000000005b8a8000 	C:\Program Files\MATLAB\R2012a\bin\win64\udd.dll
0x0000000074880000 - 0x000000007496d000 	C:\Program Files\MATLAB\R2012a\bin\win64\boost_regex-vc90-mt-1_44.dll
0x000000005b7c0000 - 0x000000005b7d7000 	C:\Program Files\MATLAB\R2012a\bin\win64\graphics_util.dll
0x0000000076100000 - 0x0000000076167000 	C:\Program Files\MATLAB\R2012a\bin\win64\libmat.dll
0x000000005b770000 - 0x000000005b7b2000 	C:\Program Files\MATLAB\R2012a\bin\win64\libmwhardcopy.dll
0x000000005b710000 - 0x000000005b76a000 	C:\Program Files\MATLAB\R2012a\bin\win64\libuij.dll
0x000000005b500000 - 0x000000005b70c000 	C:\Program Files\MATLAB\R2012a\bin\win64\hgdatatypes.dll
0x000000005b470000 - 0x000000005b4f6000 	C:\Program Files\MATLAB\R2012a\bin\win64\libmwlapack.dll
0x0000000004c60000 - 0x0000000004c9b000 	C:\Program Files\MATLAB\R2012a\bin\win64\libmwgbtutils.dll
0x0000000004ca0000 - 0x0000000004cb9000 	C:\Program Files\MATLAB\R2012a\bin\win64\libmwgbt.dll
0x000000005af80000 - 0x000000005b464000 	C:\WINDOWS\WinSxS\amd64_microsoft.vc90.mfc_1fc8b3b9a1e18e3b_9.0.30729.6161_none_044aad0bab1eb146\mfc90.dll
0x00007ff8c1800000 - 0x00007ff8c1882000 	C:\WINDOWS\SYSTEM32\WINSPOOL.DRV
0x000000005aef0000 - 0x000000005af74000 	C:\Program Files\MATLAB\R2012a\bin\win64\profiler.dll
0x0000000004ce0000 - 0x0000000004f35000 	C:\Program Files\MATLAB\R2012a\bin\win64\libmwmathutil.dll
0x0000000079f40000 - 0x0000000079f6d000 	C:\Program Files\MATLAB\R2012a\bin\win64\libmwmathrng.dll
0x000000005aec0000 - 0x000000005aee1000 	C:\Program Files\MATLAB\R2012a\bin\win64\m_pcodeio.dll
0x0000000079b10000 - 0x0000000079b77000 	C:\Program Files\MATLAB\R2012a\bin\win64\m_ir.dll
0x000000005a870000 - 0x000000005aec0000 	C:\Program Files\MATLAB\R2012a\bin\win64\m_parser.dll
0x000000005a830000 - 0x000000005a861000 	C:\Program Files\MATLAB\R2012a\bin\win64\m_pcodegen.dll
0x0000000004f40000 - 0x0000000004fab000 	C:\Program Files\MATLAB\R2012a\bin\win64\libmwspmatrix.dll
0x0000000004fc0000 - 0x0000000004fce000 	C:\Program Files\MATLAB\R2012a\bin\win64\nativejava_services.dll
0x000000005a820000 - 0x000000005a82f000 	C:\Program Files\MATLAB\R2012a\bin\win64\uinone.dll
0x00007ff8be540000 - 0x00007ff8be55e000 	C:\WINDOWS\SYSTEM32\MPR.dll
0x000000005a7f0000 - 0x000000005a81f000 	C:\WINDOWS\WinSxS\amd64_microsoft.vc90.atl_1fc8b3b9a1e18e3b_9.0.30729.6161_none_0a1fd3a3a768b895\ATL90.DLL
0x0000000072d30000 - 0x0000000072f44000 	C:\Program Files\MATLAB\R2012a\bin\win64\hdf5dll.dll
0x000000005a7d0000 - 0x000000005a7e2000 	C:\Program Files\MATLAB\R2012a\bin\win64\libmwbinder.dll
0x000000005a7c0000 - 0x000000005a7cb000 	C:\Program Files\MATLAB\R2012a\bin\win64\libmwompwrapper.dll
0x00007ff8b3d50000 - 0x00007ff8b3d57000 	C:\WINDOWS\SYSTEM32\MSIMG32.dll
0x0000000074c10000 - 0x0000000074ced000 	C:\Program Files\MATLAB\R2012a\bin\win64\libmwmathcore.dll
0x000000005a7a0000 - 0x000000005a7ba000 	C:\Program Files\MATLAB\R2012a\bin\win64\ir_xfmr.dll
0x000000005a790000 - 0x000000005a79c000 	C:\Program Files\MATLAB\R2012a\bin\win64\mtok.dll
0x00007ff8c5300000 - 0x00007ff8c53b2000 	C:\WINDOWS\SYSTEM32\SHCORE.DLL
0x0000000075ea0000 - 0x0000000075f02000 	C:\Program Files\MATLAB\R2012a\bin\win64\libmwcholmod.dll
0x000000007a460000 - 0x000000007a46d000 	C:\Program Files\MATLAB\R2012a\bin\win64\libmwamd.dll
0x000000007a4b0000 - 0x000000007a4bc000 	C:\Program Files\MATLAB\R2012a\bin\win64\libmwcolamd.dll
0x000000005a770000 - 0x000000005a789000 	C:\Program Files\MATLAB\R2012a\bin\win64\libmwblas.dll
0x00007ff8c9f50000 - 0x00007ff8c9f86000 	C:\WINDOWS\system32\IMM32.DLL
0x00007ff8ca5c0000 - 0x00007ff8ca712000 	C:\WINDOWS\system32\MSCTF.dll
0x00007ff8c6630000 - 0x00007ff8c6759000 	C:\WINDOWS\system32\UxTheme.dll
0x00007ff8c52d0000 - 0x00007ff8c52f1000 	C:\WINDOWS\system32\dwmapi.dll
0x000000005a760000 - 0x000000005a76d000 	C:\WINDOWS\WinSxS\amd64_microsoft.vc90.mfcloc_1fc8b3b9a1e18e3b_9.0.30729.6161_none_01c9581e60cbee58\MFC90ENU.DLL
0x0000000005430000 - 0x0000000005459000 	C:\Program Files\MATLAB\R2012a\bin\win64\tbbmalloc.dll
0x0000000078870000 - 0x0000000078ecd000 	C:\Program Files\MATLAB\R2012a\sys\java\jre\win64\jre\bin\server\jvm.dll
0x00007ff8c5960000 - 0x00007ff8c5982000 	C:\WINDOWS\SYSTEM32\WINMM.dll
0x00007ff8c5930000 - 0x00007ff8c595a000 	C:\WINDOWS\SYSTEM32\WINMMBASE.dll
0x00007ff8c7a90000 - 0x00007ff8c7adf000 	C:\WINDOWS\SYSTEM32\cfgmgr32.dll
0x00007ff8c67b0000 - 0x00007ff8c67d8000 	C:\WINDOWS\SYSTEM32\DEVOBJ.dll
0x00007ff8c79c0000 - 0x00007ff8c79d5000 	C:\WINDOWS\SYSTEM32\profapi.dll
0x00007ff8c4fa0000 - 0x00007ff8c4fca000 	C:\WINDOWS\SYSTEM32\iphlpapi.dll
0x00007ff8c4f90000 - 0x00007ff8c4f9a000 	C:\WINDOWS\SYSTEM32\WINNSI.DLL
0x00007ff8c6fd0000 - 0x00007ff8c7074000 	C:\WINDOWS\SYSTEM32\DNSAPI.dll
0x00007ff8c2150000 - 0x00007ff8c2166000 	C:\WINDOWS\SYSTEM32\dhcpcsvc6.DLL
0x00007ff8c2470000 - 0x00007ff8c248a000 	C:\WINDOWS\SYSTEM32\dhcpcsvc.DLL
0x00007ff8bd820000 - 0x00007ff8bd823000 	C:\WINDOWS\SYSTEM32\icmp.Dll
0x00007ff8c6800000 - 0x00007ff8c680b000 	C:\WINDOWS\SYSTEM32\kernel.appcore.dll
0x00007ff8c7890000 - 0x00007ff8c789b000 	C:\WINDOWS\SYSTEM32\CRYPTBASE.dll
0x00007ff8c7820000 - 0x00007ff8c7883000 	C:\WINDOWS\SYSTEM32\bcryptPrimitives.dll

VM Arguments:
jvm_args: -Xss512k -XX:PermSize=32m -Xms64m -XX:NewRatio=3 -XX:MaxPermSize=128m -Xmx196m -XX:MaxDirectMemorySize=2147400000 -Dsun.java2d.noddraw=true -Dsun.awt.nopixfmt=true -Xshare:off -Xrs -Dsun.awt.disableMixing=true -Djava.library.path=C:\Program Files\MATLAB\R2012a\bin\win64 vfprintf abort 
java_command: <unknown>
Launcher Type: generic

Environment Variables:
JAVA_HOME=C:\Program Files\Java\jdk1.8.0_25
PATH=C:\Program Files\ImageMagick-6.9.0-Q16;C:\WinAVR-20100110\bin;C:\WinAVR-20100110\utils\bin;C:\ProgramData\Oracle\Java\javapath;C:\Program Files (x86)\Rockwell Software\RSCommon;C:\Program Files (x86)\Intel\iCLS Client\;C:\Program Files\Intel\iCLS Client\;C:\Program Files (x86)\AMD APP\bin\x86_64;C:\Program Files (x86)\AMD APP\bin\x86;C:\Windows\system32;C:\Windows;C:\Windows\System32\Wbem;C:\Windows\System32\WindowsPowerShell\v1.0\;C:\Program Files (x86)\ATI Technologies\ATI.ACE\Core-Static;C:\Program Files\Intel\Intel(R) Management Engine Components\DAL;C:\Program Files\Intel\Intel(R) Management Engine Components\IPT;C:\Program Files (x86)\Intel\Intel(R) Management Engine Components\DAL;C:\Program Files (x86)\Intel\Intel(R) Management Engine Components\IPT;C:\Program Files\MATLAB\R2012a\runtime\win64;C:\Program Files\MATLAB\R2012a\bin;C:\Program Files (x86)\MiKTeX 2.9\miktex\bin\;C:\WINDOWS\system32;C:\WINDOWS;C:\WINDOWS\System32\Wbem;C:\WINDOWS\System32\WindowsPowerShell\v1.0\;C:\Program Files (x86)\Windows Live\Shared;C:\Program Files (x86)\Skype\Phone\
USERNAME=dhanajay
OS=Windows_NT
PROCESSOR_IDENTIFIER=Intel64 Family 6 Model 42 Stepping 7, GenuineIntel



---------------  S Y S T E M  ---------------

OS: Windows NT 6.2 Build 9200 

CPU:total 4 (8 cores per cpu, 2 threads per core) family 6 model 42 stepping 7, cmov, cx8, fxsr, mmx, sse, sse2, sse3, ssse3, sse4.1, sse4.2, ht

Memory: 4k page, physical 8276252k(4096024k free), swap 16664860k(11873472k free)

vm_info: Java HotSpot(TM) 64-Bit Server VM (14.3-b01) for windows-amd64 JRE (1.6.0_17-b04), built on Oct 11 2009 00:46:08 by "java_re" with MS VC++ 8.0

time: Sun May 24 17:52:06 2015
elapsed time: 6758 seconds

