#
# A fatal error has been detected by the Java Runtime Environment:
#
#  Internal Error (os_windows_x86.cpp:114), pid=7264, tid=7020
#  Error: guarantee(result == -1,"Unexpected result from topLevelExceptionFilter")
#
# JRE version: 6.0_17-b04
# Java VM: Java HotSpot(TM) 64-Bit Server VM (14.3-b01 mixed mode windows-amd64 )
# If you would like to submit a bug report, please visit:
#   http://java.sun.com/webapps/bugreport/crash.jsp
# The crash happened outside the Java Virtual Machine in native code.
# See problematic frame for where to report the bug.
#

---------------  T H R E A D  ---------------

Current thread (0x0000000008641000):  JavaThread "main" [_thread_in_native, id=7020, stack(0x0000000000fb0000,0x0000000004fb0000)]

Stack: [0x0000000000fb0000,0x0000000004fb0000]
[error occurred during error reporting (printing stack bounds), id 0xc0000005]

Java frames: (J=compiled Java code, j=interpreted, Vv=VM code)
j  com.mathworks.jmi.NativeMatlab.ProcessPendingEvents()Z+0
j  com.mathworks.jmi.NativeMatlab.processPendingEvents()Z+8
j  com.mathworks.jmi.Matlab$ProcessPendingEvents.callBooleanMethod(Ljava/lang/Object;)Z+0
j  com.mathworks.util.FactoryUtils.processPendingEvents()Z+12
j  com.mathworks.mde.desk.MLDesktop.canClose()Z+84
j  com.mathworks.mde.desk.MLDesktop$2.call()Ljava/lang/Boolean;+4
j  com.mathworks.mde.desk.MLDesktop$2.call()Ljava/lang/Object;+1
j  com.mathworks.jmi.Matlab.isOkToExit()Z+54
v  ~StubRoutines::call_stub
j  com.mathworks.jmi.NativeMatlab.SendMatlabMessage(Ljava/lang/Object;)Ljava/lang/Object;+0
j  com.mathworks.jmi.NativeMatlab.sendMatlabMessage(Ljava/lang/Object;)Ljava/lang/Object;+22
j  com.mathworks.jmi.MatlabLooper.sendMatlabMessage(Lcom/mathworks/services/message/MWMessage;)Ljava/lang/Object;+20
j  com.mathworks.jmi.Matlab.mtFevalConsoleOutput(Ljava/lang/String;[Ljava/lang/Object;I)Ljava/lang/Object;+58
j  com.mathworks.mde.desk.MLDesktop$9.run()V+14
j  com.mathworks.jmi.NativeMatlab.dispatchMTRequests(Z)V+57
v  ~StubRoutines::call_stub

---------------  P R O C E S S  ---------------

Java Threads: ( => current thread )
  0x0000000064cc9800 JavaThread "Image Fetcher 0" daemon [_thread_blocked, id=9688, stack(0x0000000018b00000,0x0000000018b80000)]
  0x0000000064ccd000 JavaThread "FileDecorationCache request queue" [_thread_blocked, id=6532, stack(0x0000000018a80000,0x0000000018b00000)]
  0x0000000064cc5800 JavaThread "Prefs Updater" daemon [_thread_blocked, id=2264, stack(0x0000000014ed0000,0x0000000014f50000)]
  0x0000000064732000 JavaThread "Active Reference Queue Daemon" daemon [_thread_blocked, id=1808, stack(0x0000000070800000,0x0000000070880000)]
  0x0000000064731000 JavaThread "Timer-13" daemon [_thread_blocked, id=4932, stack(0x0000000070780000,0x0000000070800000)]
  0x0000000064733800 JavaThread "Timer-12" daemon [_thread_blocked, id=6536, stack(0x0000000070700000,0x0000000070780000)]
  0x000000006472d800 JavaThread "Explorer NavigationContext request queue" [_thread_blocked, id=6484, stack(0x0000000070600000,0x0000000070680000)]
  0x000000006472f000 JavaThread "AddressBar directory emptiness poller" [_thread_blocked, id=6908, stack(0x000000000fa60000,0x000000000fae0000)]
  0x0000000064730000 JavaThread "Timer-1" [_thread_blocked, id=7880, stack(0x000000000f910000,0x000000000f990000)]
  0x0000000064a5d000 JavaThread "TimerQueue" daemon [_thread_blocked, id=5816, stack(0x000000000fd80000,0x000000000fe00000)]
  0x0000000064a14000 JavaThread "AWT-EventQueue-0" [_thread_in_native, id=6052, stack(0x000000000fd00000,0x000000000fd80000)]
  0x0000000064533800 JavaThread "AWT-Shutdown" [_thread_blocked, id=7900, stack(0x0000000008d00000,0x0000000008d80000)]
  0x00000000645fb800 JavaThread "FelixPackageAdmin" daemon [_thread_blocked, id=7896, stack(0x000000000fc80000,0x000000000fd00000)]
  0x000000006475b000 JavaThread "FelixStartLevel" daemon [_thread_blocked, id=7008, stack(0x000000000fc00000,0x000000000fc80000)]
  0x0000000064856000 JavaThread "FelixDispatchQueue" daemon [_thread_blocked, id=4676, stack(0x000000000fb80000,0x000000000fc00000)]
  0x0000000064554800 JavaThread "com.google.common.base.internal.Finalizer" daemon [_thread_blocked, id=5424, stack(0x0000000008d80000,0x0000000008e00000)]
  0x000000000f232000 JavaThread "AWT-Windows" daemon [_thread_in_native, id=5012, stack(0x0000000008c00000,0x0000000008c80000)]
  0x0000000064456800 JavaThread "Java2D Disposer" daemon [_thread_blocked, id=3544, stack(0x0000000008b00000,0x0000000008b80000)]
  0x000000000f278800 JavaThread "Timer-0" [_thread_blocked, id=3396, stack(0x0000000008a40000,0x0000000008ac0000)]
  0x000000000e31f800 JavaThread "EventMgr Dispatcher" daemon [_thread_in_native, id=7564, stack(0x0000000010e50000,0x0000000014e50000)]
  0x000000000e26b800 JavaThread "Low Memory Detector" daemon [_thread_blocked, id=7696, stack(0x000000000e530000,0x000000000e5b0000)]
  0x000000000e265800 JavaThread "CompilerThread1" daemon [_thread_blocked, id=5736, stack(0x000000005c250000,0x0000000060250000)]
  0x000000000e262800 JavaThread "CompilerThread0" daemon [_thread_blocked, id=4008, stack(0x0000000058250000,0x000000005c250000)]
  0x000000000872e800 JavaThread "Attach Listener" daemon [_thread_blocked, id=6780, stack(0x000000000e4b0000,0x000000000e530000)]
  0x000000000e234800 JavaThread "Finalizer" daemon [_thread_blocked, id=7064, stack(0x000000000e430000,0x000000000e4b0000)]
  0x000000000871a800 JavaThread "Reference Handler" daemon [_thread_blocked, id=2080, stack(0x000000000e3b0000,0x000000000e430000)]
=>0x0000000008641000 JavaThread "main" [_thread_in_native, id=7020, stack(0x0000000000fb0000,0x0000000004fb0000)]

Other Threads:
  0x000000000e231800 VMThread [stack: 0x0000000054250000,0x0000000058250000] [id=5328]
  0x000000000e29d000 WatcherThread [stack: 0x0000000060250000,0x0000000064250000] [id=5364]

VM state:not at safepoint (normal execution)

VM Mutex/Monitor currently owned by a thread: None

Heap
 PSYoungGen      total 19200K, used 7206K [0x0000000041150000, 0x0000000042810000, 0x0000000044250000)
  eden space 19008K, 36% used [0x0000000041150000,0x0000000041829a30,0x00000000423e0000)
  from space 192K, 100% used [0x00000000427e0000,0x0000000042810000,0x0000000042810000)
  to   space 320K, 0% used [0x0000000042770000,0x0000000042770000,0x00000000427c0000)
 PSOldGen        total 83328K, used 71111K [0x0000000037e50000, 0x000000003cfb0000, 0x0000000041150000)
  object space 83328K, 85% used [0x0000000037e50000,0x000000003c3c1f40,0x000000003cfb0000)
 PSPermGen       total 75008K, used 64233K [0x000000002fe50000, 0x0000000034790000, 0x0000000037e50000)
  object space 75008K, 85% used [0x000000002fe50000,0x0000000033d0a550,0x0000000034790000)

Dynamic libraries:
0x00007ff66d350000 - 0x00007ff66d382000 	C:\Program Files\MATLAB\R2012a\bin\win64\MATLAB.exe
0x00007ffa92510000 - 0x00007ffa926bc000 	C:\WINDOWS\SYSTEM32\ntdll.dll
0x00007ffa90090000 - 0x00007ffa901ce000 	C:\WINDOWS\system32\KERNEL32.DLL
0x00007ffa8f730000 - 0x00007ffa8f845000 	C:\WINDOWS\system32\KERNELBASE.dll
0x0000000074460000 - 0x0000000074554000 	C:\Program Files\MATLAB\R2012a\bin\win64\libut.dll
0x0000000073f70000 - 0x00000000740ad000 	C:\Program Files\MATLAB\R2012a\bin\win64\libmwfl.dll
0x000000007bed0000 - 0x000000007c183000 	C:\Program Files\MATLAB\R2012a\bin\win64\libmwservices.dll
0x0000000074970000 - 0x0000000074b06000 	C:\Program Files\MATLAB\R2012a\bin\win64\mcr.dll
0x00000000758a0000 - 0x0000000075952000 	C:\Program Files\MATLAB\R2012a\bin\win64\libmwi18n.dll
0x00000000051c0000 - 0x0000000005293000 	C:\WINDOWS\WinSxS\amd64_microsoft.vc90.crt_1fc8b3b9a1e18e3b_9.0.30729.8387_none_08e793bfa83a89b5\MSVCP90.dll
0x0000000074150000 - 0x00000000741f3000 	C:\WINDOWS\WinSxS\amd64_microsoft.vc90.crt_1fc8b3b9a1e18e3b_9.0.30729.8387_none_08e793bfa83a89b5\MSVCR90.dll
0x000000007a560000 - 0x000000007a569000 	C:\Program Files\MATLAB\R2012a\bin\win64\boost_system-vc90-mt-1_44.dll
0x000000007a2d0000 - 0x000000007a2e2000 	C:\Program Files\MATLAB\R2012a\bin\win64\boost_thread-vc90-mt-1_44.dll
0x0000000073ae0000 - 0x0000000073c51000 	C:\Program Files\MATLAB\R2012a\bin\win64\icuuc44.dll
0x0000000005080000 - 0x0000000005093000 	C:\Program Files\MATLAB\R2012a\bin\win64\icuio44.dll
0x0000000180000000 - 0x0000000180046000 	C:\Program Files\MATLAB\R2012a\bin\win64\tbb.dll
0x00007ffa8fb90000 - 0x00007ffa8fb97000 	C:\WINDOWS\system32\PSAPI.DLL
0x00007ffa83280000 - 0x00007ffa83409000 	C:\WINDOWS\SYSTEM32\dbghelp.dll
0x00007ffa92440000 - 0x00007ffa924ea000 	C:\WINDOWS\system32\ADVAPI32.dll
0x00007ffa92110000 - 0x00007ffa92287000 	C:\WINDOWS\system32\USER32.dll
0x00000000050b0000 - 0x00000000050bb000 	C:\Program Files\MATLAB\R2012a\bin\win64\libmwresource_core.dll
0x00000000052a0000 - 0x0000000005596000 	C:\Program Files\MATLAB\R2012a\bin\win64\libmwMATLAB_res.dll
0x000000007a3b0000 - 0x000000007a3c0000 	C:\Program Files\MATLAB\R2012a\bin\win64\boost_date_time-vc90-mt-1_44.dll
0x000000007a170000 - 0x000000007a19c000 	C:\Program Files\MATLAB\R2012a\bin\win64\boost_filesystem-vc90-mt-1_44.dll
0x000000007a250000 - 0x000000007a263000 	C:\Program Files\MATLAB\R2012a\bin\win64\boost_signals-vc90-mt-1_44.dll
0x00007ffa924f0000 - 0x00007ffa92506000 	C:\WINDOWS\system32\imagehlp.dll
0x0000000075a20000 - 0x0000000075ae2000 	C:\Program Files\MATLAB\R2012a\bin\win64\libmx.dll
0x00000000055b0000 - 0x00000000055d1000 	C:\Program Files\MATLAB\R2012a\bin\win64\libmwmfl_scalar.dll
0x0000000075f10000 - 0x0000000075f5d000 	C:\Program Files\MATLAB\R2012a\bin\win64\mpath.dll
0x000000007b680000 - 0x000000007bbe1000 	C:\Program Files\MATLAB\R2012a\bin\win64\mlutil.dll
0x00000000055e0000 - 0x00000000055fa000 	C:\Program Files\MATLAB\R2012a\bin\win64\libmwMATLAB_settings_res.dll
0x0000000005600000 - 0x0000000005647000 	C:\Program Files\MATLAB\R2012a\bin\win64\boost_serialization-vc90-mt-1_44.dll
0x00007ffa831d0000 - 0x00007ffa83274000 	C:\WINDOWS\WinSxS\amd64_microsoft.windows.common-controls_6595b64144ccf1df_5.82.9600.17810_none_34ae2abd958aedeb\COMCTL32.dll
0x00007ffa90440000 - 0x00007ffa904f6000 	C:\WINDOWS\system32\COMDLG32.dll
0x00007ffa8a790000 - 0x00007ffa8a7a6000 	C:\WINDOWS\SYSTEM32\NETAPI32.dll
0x00007ffa920b0000 - 0x00007ffa9210a000 	C:\WINDOWS\system32\WS2_32.dll
0x00007ffa90960000 - 0x00007ffa91e78000 	C:\WINDOWS\system32\SHELL32.dll
0x00007ffa902a0000 - 0x00007ffa90434000 	C:\WINDOWS\system32\ole32.dll
0x00007ffa8fd90000 - 0x00007ffa8fe51000 	C:\WINDOWS\system32\OLEAUT32.dll
0x0000000075000000 - 0x000000007536b000 	C:\Program Files\MATLAB\R2012a\bin\win64\iqm.dll
0x0000000079fb0000 - 0x0000000079fe7000 	C:\Program Files\MATLAB\R2012a\bin\win64\libmwbridge.dll
0x0000000005660000 - 0x0000000005685000 	C:\Program Files\MATLAB\R2012a\bin\win64\libmex.dll
0x0000000073820000 - 0x00000000738d3000 	C:\Program Files\MATLAB\R2012a\bin\win64\m_dispatcher.dll
0x00000000735a0000 - 0x0000000073819000 	C:\Program Files\MATLAB\R2012a\bin\win64\mcos.dll
0x0000000073440000 - 0x0000000073592000 	C:\Program Files\MATLAB\R2012a\bin\win64\libmwgui.dll
0x0000000072a90000 - 0x0000000073433000 	C:\Program Files\MATLAB\R2012a\bin\win64\hg.dll
0x0000000072990000 - 0x0000000072a8d000 	C:\Program Files\MATLAB\R2012a\bin\win64\hgutils.dll
0x0000000072160000 - 0x0000000072981000 	C:\Program Files\MATLAB\R2012a\bin\win64\m_interpreter.dll
0x0000000075710000 - 0x00000000757c1000 	C:\Program Files\MATLAB\R2012a\bin\win64\jmi.dll
0x00000000720a0000 - 0x000000007215d000 	C:\Program Files\MATLAB\R2012a\bin\win64\udd_mi.dll
0x0000000005690000 - 0x000000000595a000 	C:\Program Files\MATLAB\R2012a\bin\win64\uiw.dll
0x0000000005960000 - 0x0000000005980000 	C:\Program Files\MATLAB\R2012a\bin\win64\mwoles05.DLL
0x0000000073d40000 - 0x0000000073dbc000 	C:\Program Files\MATLAB\R2012a\bin\win64\comcli.dll
0x0000000005980000 - 0x000000000598c000 	C:\Program Files\MATLAB\R2012a\bin\win64\mlautoregister.dll
0x0000000005990000 - 0x00000000059a0000 	C:\Program Files\MATLAB\R2012a\bin\win64\boost_iostreams-vc90-mt-1_44.dll
0x00007ffa8ff20000 - 0x00007ffa90071000 	C:\WINDOWS\system32\GDI32.dll
0x000000007a010000 - 0x000000007a035000 	C:\Program Files\MATLAB\R2012a\bin\win64\LIBEXPAT.dll
0x0000000071ea0000 - 0x0000000072091000 	C:\Program Files\MATLAB\R2012a\bin\win64\icuin44.dll
0x0000000010000000 - 0x0000000010e41000 	C:\Program Files\MATLAB\R2012a\bin\win64\icudt44.dll
0x00007ffa90500000 - 0x00007ffa905aa000 	C:\WINDOWS\system32\msvcrt.dll
0x00007ffa8fba0000 - 0x00007ffa8fbf9000 	C:\WINDOWS\SYSTEM32\sechost.dll
0x00007ffa8fc40000 - 0x00007ffa8fd81000 	C:\WINDOWS\system32\RPCRT4.dll
0x000000007a210000 - 0x000000007a228000 	C:\Program Files\MATLAB\R2012a\bin\win64\zlib1.dll
0x0000000071e20000 - 0x0000000071e9f000 	C:\Program Files\MATLAB\R2012a\bin\win64\xmlcore.dll
0x000000007bc30000 - 0x000000007be83000 	C:\Program Files\MATLAB\R2012a\bin\win64\xerces-c_2_7.dll
0x00007ffa901d0000 - 0x00007ffa90224000 	C:\WINDOWS\system32\SHLWAPI.dll
0x00007ffa8e440000 - 0x00007ffa8e44c000 	C:\WINDOWS\SYSTEM32\netutils.dll
0x00007ffa8f0a0000 - 0x00007ffa8f0c6000 	C:\WINDOWS\SYSTEM32\srvcli.dll
0x00007ffa8ec50000 - 0x00007ffa8ec67000 	C:\WINDOWS\SYSTEM32\wkscli.dll
0x00007ffa90080000 - 0x00007ffa90089000 	C:\WINDOWS\system32\NSI.dll
0x00007ffa91e80000 - 0x00007ffa92091000 	C:\WINDOWS\SYSTEM32\combase.dll
0x0000000071d50000 - 0x0000000071e18000 	C:\Program Files\MATLAB\R2012a\bin\win64\udd.dll
0x0000000074880000 - 0x000000007496d000 	C:\Program Files\MATLAB\R2012a\bin\win64\boost_regex-vc90-mt-1_44.dll
0x0000000071d30000 - 0x0000000071d47000 	C:\Program Files\MATLAB\R2012a\bin\win64\graphics_util.dll
0x0000000076100000 - 0x0000000076167000 	C:\Program Files\MATLAB\R2012a\bin\win64\libmat.dll
0x0000000071ce0000 - 0x0000000071d22000 	C:\Program Files\MATLAB\R2012a\bin\win64\libmwhardcopy.dll
0x0000000071c80000 - 0x0000000071cda000 	C:\Program Files\MATLAB\R2012a\bin\win64\libuij.dll
0x0000000071a70000 - 0x0000000071c7c000 	C:\Program Files\MATLAB\R2012a\bin\win64\hgdatatypes.dll
0x00000000719e0000 - 0x0000000071a66000 	C:\Program Files\MATLAB\R2012a\bin\win64\libmwlapack.dll
0x0000000005b20000 - 0x0000000005b5b000 	C:\Program Files\MATLAB\R2012a\bin\win64\libmwgbtutils.dll
0x0000000005b60000 - 0x0000000005b79000 	C:\Program Files\MATLAB\R2012a\bin\win64\libmwgbt.dll
0x00000000714f0000 - 0x00000000719d4000 	C:\WINDOWS\WinSxS\amd64_microsoft.vc90.mfc_1fc8b3b9a1e18e3b_9.0.30729.6161_none_044aad0bab1eb146\mfc90.dll
0x00007ffa897d0000 - 0x00007ffa89852000 	C:\WINDOWS\SYSTEM32\WINSPOOL.DRV
0x0000000071460000 - 0x00000000714e4000 	C:\Program Files\MATLAB\R2012a\bin\win64\profiler.dll
0x0000000005ba0000 - 0x0000000005df5000 	C:\Program Files\MATLAB\R2012a\bin\win64\libmwmathutil.dll
0x0000000079f40000 - 0x0000000079f6d000 	C:\Program Files\MATLAB\R2012a\bin\win64\libmwmathrng.dll
0x0000000071430000 - 0x0000000071451000 	C:\Program Files\MATLAB\R2012a\bin\win64\m_pcodeio.dll
0x0000000079b10000 - 0x0000000079b77000 	C:\Program Files\MATLAB\R2012a\bin\win64\m_ir.dll
0x0000000070de0000 - 0x0000000071430000 	C:\Program Files\MATLAB\R2012a\bin\win64\m_parser.dll
0x0000000070da0000 - 0x0000000070dd1000 	C:\Program Files\MATLAB\R2012a\bin\win64\m_pcodegen.dll
0x0000000005e00000 - 0x0000000005e6b000 	C:\Program Files\MATLAB\R2012a\bin\win64\libmwspmatrix.dll
0x0000000005e80000 - 0x0000000005e8e000 	C:\Program Files\MATLAB\R2012a\bin\win64\nativejava_services.dll
0x0000000005eb0000 - 0x0000000005ebf000 	C:\Program Files\MATLAB\R2012a\bin\win64\uinone.dll
0x00007ffa83cb0000 - 0x00007ffa83cce000 	C:\WINDOWS\SYSTEM32\MPR.dll
0x0000000070d70000 - 0x0000000070d9f000 	C:\WINDOWS\WinSxS\amd64_microsoft.vc90.atl_1fc8b3b9a1e18e3b_9.0.30729.6161_none_0a1fd3a3a768b895\ATL90.DLL
0x0000000005f90000 - 0x00000000061a4000 	C:\Program Files\MATLAB\R2012a\bin\win64\hdf5dll.dll
0x0000000070d50000 - 0x0000000070d62000 	C:\Program Files\MATLAB\R2012a\bin\win64\libmwbinder.dll
0x0000000073d30000 - 0x0000000073d3b000 	C:\Program Files\MATLAB\R2012a\bin\win64\libmwompwrapper.dll
0x00007ffa8f3e0000 - 0x00007ffa8f3e7000 	C:\WINDOWS\SYSTEM32\MSIMG32.dll
0x0000000074c10000 - 0x0000000074ced000 	C:\Program Files\MATLAB\R2012a\bin\win64\libmwmathcore.dll
0x0000000070d30000 - 0x0000000070d4a000 	C:\Program Files\MATLAB\R2012a\bin\win64\ir_xfmr.dll
0x0000000073ad0000 - 0x0000000073adc000 	C:\Program Files\MATLAB\R2012a\bin\win64\mtok.dll
0x00007ffa8ecb0000 - 0x00007ffa8ed62000 	C:\WINDOWS\SYSTEM32\SHCORE.DLL
0x0000000075ea0000 - 0x0000000075f02000 	C:\Program Files\MATLAB\R2012a\bin\win64\libmwcholmod.dll
0x000000007a460000 - 0x000000007a46d000 	C:\Program Files\MATLAB\R2012a\bin\win64\libmwamd.dll
0x000000007a4b0000 - 0x000000007a4bc000 	C:\Program Files\MATLAB\R2012a\bin\win64\libmwcolamd.dll
0x0000000070d10000 - 0x0000000070d29000 	C:\Program Files\MATLAB\R2012a\bin\win64\libmwblas.dll
0x00007ffa8fc00000 - 0x00007ffa8fc36000 	C:\WINDOWS\system32\IMM32.DLL
0x00007ffa905b0000 - 0x00007ffa90702000 	C:\WINDOWS\system32\MSCTF.dll
0x00007ffa8d820000 - 0x00007ffa8d949000 	C:\WINDOWS\system32\UxTheme.dll
0x00007ffa8d030000 - 0x00007ffa8d051000 	C:\WINDOWS\system32\dwmapi.dll
0x0000000070d00000 - 0x0000000070d0d000 	C:\WINDOWS\WinSxS\amd64_microsoft.vc90.mfcloc_1fc8b3b9a1e18e3b_9.0.30729.6161_none_01c9581e60cbee58\MFC90ENU.DLL
0x0000000008350000 - 0x0000000008379000 	C:\Program Files\MATLAB\R2012a\bin\win64\tbbmalloc.dll
0x0000000078870000 - 0x0000000078ecd000 	C:\Program Files\MATLAB\R2012a\sys\java\jre\win64\jre\bin\server\jvm.dll
0x00007ffa89d70000 - 0x00007ffa89d92000 	C:\WINDOWS\SYSTEM32\WINMM.dll
0x00007ffa89cf0000 - 0x00007ffa89d1a000 	C:\WINDOWS\SYSTEM32\WINMMBASE.dll
0x00007ffa8fa90000 - 0x00007ffa8fadf000 	C:\WINDOWS\SYSTEM32\cfgmgr32.dll
0x00007ffa8d9a0000 - 0x00007ffa8d9c8000 	C:\WINDOWS\SYSTEM32\DEVOBJ.dll
0x00007ffa8f660000 - 0x00007ffa8f675000 	C:\WINDOWS\SYSTEM32\profapi.dll
0x00007ffa89d40000 - 0x00007ffa89d6a000 	C:\WINDOWS\SYSTEM32\iphlpapi.dll
0x00007ffa89d30000 - 0x00007ffa89d3a000 	C:\WINDOWS\SYSTEM32\WINNSI.DLL
0x00007ffa8e810000 - 0x00007ffa8e8b4000 	C:\WINDOWS\SYSTEM32\DNSAPI.dll
0x00007ffa89250000 - 0x00007ffa89266000 	C:\WINDOWS\SYSTEM32\dhcpcsvc6.DLL
0x00007ffa88f90000 - 0x00007ffa88faa000 	C:\WINDOWS\SYSTEM32\dhcpcsvc.DLL
0x00007ffa8c670000 - 0x00007ffa8c673000 	C:\WINDOWS\SYSTEM32\icmp.Dll
0x00007ffa8d810000 - 0x00007ffa8d81b000 	C:\WINDOWS\SYSTEM32\kernel.appcore.dll
0x00007ffa8f5d0000 - 0x00007ffa8f5db000 	C:\WINDOWS\SYSTEM32\CRYPTBASE.dll
0x00007ffa8f460000 - 0x00007ffa8f4c3000 	C:\WINDOWS\SYSTEM32\bcryptPrimitives.dll

VM Arguments:
jvm_args: -Xss512k -XX:PermSize=32m -Xms64m -XX:NewRatio=3 -XX:MaxPermSize=128m -Xmx196m -XX:MaxDirectMemorySize=2147400000 -Dsun.java2d.noddraw=true -Dsun.awt.nopixfmt=true -Xshare:off -Xrs -Dsun.awt.disableMixing=true -Djava.library.path=C:\Program Files\MATLAB\R2012a\bin\win64 vfprintf abort 
java_command: <unknown>
Launcher Type: generic

Environment Variables:
JAVA_HOME=C:\Program Files\Java\jdk1.8.0_25
PATH=C:\Program Files\ImageMagick-6.9.0-Q16;C:\WinAVR-20100110\bin;C:\WinAVR-20100110\utils\bin;C:\ProgramData\Oracle\Java\javapath;C:\Program Files (x86)\Rockwell Software\RSCommon;C:\Program Files (x86)\Intel\iCLS Client\;C:\Program Files\Intel\iCLS Client\;C:\Program Files (x86)\AMD APP\bin\x86_64;C:\Program Files (x86)\AMD APP\bin\x86;C:\Windows\system32;C:\Windows;C:\Windows\System32\Wbem;C:\Windows\System32\WindowsPowerShell\v1.0\;C:\Program Files (x86)\ATI Technologies\ATI.ACE\Core-Static;C:\Program Files\Intel\Intel(R) Management Engine Components\DAL;C:\Program Files\Intel\Intel(R) Management Engine Components\IPT;C:\Program Files (x86)\Intel\Intel(R) Management Engine Components\DAL;C:\Program Files (x86)\Intel\Intel(R) Management Engine Components\IPT;C:\Program Files\MATLAB\R2012a\runtime\win64;C:\Program Files\MATLAB\R2012a\bin;C:\Program Files (x86)\MiKTeX 2.9\miktex\bin\;C:\WINDOWS\system32;C:\WINDOWS;C:\WINDOWS\System32\Wbem;C:\WINDOWS\System32\WindowsPowerShell\v1.0\;C:\Program Files (x86)\Windows Live\Shared;C:\Program Files (x86)\Skype\Phone\
USERNAME=dhanajay
OS=Windows_NT
PROCESSOR_IDENTIFIER=Intel64 Family 6 Model 42 Stepping 7, GenuineIntel



---------------  S Y S T E M  ---------------

OS: Windows NT 6.2 Build 9200 

CPU:total 4 (8 cores per cpu, 2 threads per core) family 6 model 42 stepping 7, cmov, cx8, fxsr, mmx, sse, sse2, sse3, ssse3, sse4.1, sse4.2, ht

Memory: 4k page, physical 8276252k(4416120k free), swap 16664860k(12013380k free)

vm_info: Java HotSpot(TM) 64-Bit Server VM (14.3-b01) for windows-amd64 JRE (1.6.0_17-b04), built on Oct 11 2009 00:46:08 by "java_re" with MS VC++ 8.0

time: Fri Jun 19 20:36:12 2015
elapsed time: 21471 seconds

